TN:
SF:src/App.vue
FNF:0
FNH:0
DA:8,1
LF:1
LH:1
BRF:0
BRH:0
end_of_record
TN:
SF:src/actions/flickr.js
FN:1,(anonymous_0)
FN:5,(anonymous_1)
FN:6,(anonymous_2)
FN:7,(anonymous_3)
FNF:4
FNH:3
FNDA:3,(anonymous_0)
FNDA:3,(anonymous_1)
FNDA:3,(anonymous_2)
FNDA:0,(anonymous_3)
DA:1,3
DA:2,3
DA:5,3
DA:6,3
DA:7,0
LF:5
LH:4
BRF:0
BRH:0
end_of_record
TN:
SF:src/components/Card.vue
FN:28,data
FNF:1
FNH:1
FNDA:2,data
DA:29,2
LF:1
LH:1
BRF:0
BRH:0
end_of_record
TN:
SF:src/views/Gallery.vue
FN:33,data
FN:38,beforeMount
FN:42,getFlickrImages
FN:43,(anonymous_5)
FNF:4
FNH:4
FNDA:2,data
FNDA:2,beforeMount
FNDA:2,getFlickrImages
FNDA:2,(anonymous_5)
DA:25,2
DA:26,2
DA:34,2
DA:39,2
DA:42,2
DA:43,2
DA:44,2
LF:7
LH:7
BRF:0
BRH:0
end_of_record
